<?xml version="1.0" encoding="UTF-8"?>
<!-- Generated by org.testng.reporters.JUnitXMLReporter -->
<testsuite hostname="DESKTOP-SVDJBTV" failures="0" tests="8" name="Test" time="220.476" errors="0" timestamp="9 Sep 2025 07:12:21 GMT">
  <testcase classname="qa_assessment_testcase.HomePageTest" name="homePageverificationTest" time="2.492"/>
  <testcase classname="qa_assessment_testcase.PatientRegistrationAndVerificationTest" name="registerPatientTest" time="18.723"/>
  <testcase classname="qa_assessment_testcase.FindRegisteredPatientAndVerifyDetailsTest" name="findAndverifyPatientDetailsTest" time="12.044"/>
  <testcase classname="qa_assessment_testcase.AddAttachmentInStartVisitTest" name="startVisitAddAttachmentVerifydetailsTest" time="30.963"/>
  <testcase classname="qa_assessment_testcase.CaptureVitalsAndVerifyBMITest" name="captureVitalsAndVerifyBMITest" time="33.886"/>
  <testcase classname="qa_assessment_testcase.MergeVisitsAndVerifyTest" name="mergeVisitsAndVerifywithTagsTest" time="23.306"/>
  <testcase classname="qa_assessment_testcase.AddPastVisitAndVerifyFutureDateTest" name="clickAddPastVisitAndVerifyFutureDateTest" time="17.217"/>
  <testcase classname="qa_assessment_testcase.DeletePatientAndRecheckTest" name="deletePatientRecordAndVerifyInFindPatientTest" time="16.896"/>
</testsuite> <!-- Test -->
